[debug] [2025-04-18T00:54:58.606Z] ----------------------------------------------------------------------
[debug] [2025-04-18T00:54:58.610Z] Command:       /nix/store/ixbb20farqh1f4fqbmsn6b1ixn8mc8ij-nodejs-20.18.1/bin/node /nix/store/b9a1wqzb1vkh5xd2mrp196csvbgv8j13-firebase-tools-14.0.1/lib/node_modules/firebase-tools/lib/bin/firebase.js init hosting
[debug] [2025-04-18T00:54:58.611Z] CLI Version:   14.0.1
[debug] [2025-04-18T00:54:58.611Z] Platform:      linux
[debug] [2025-04-18T00:54:58.611Z] Node Version:  v20.18.1
[debug] [2025-04-18T00:54:58.611Z] Time:          Fri Apr 18 2025 00:54:58 GMT+0000 (Coordinated Universal Time)
[debug] [2025-04-18T00:54:58.611Z] ----------------------------------------------------------------------
[debug] 
[debug] [2025-04-18T00:54:58.619Z] > command requires scopes: ["email","openid","https://www.googleapis.com/auth/cloudplatformprojects.readonly","https://www.googleapis.com/auth/firebase","https://www.googleapis.com/auth/cloud-platform"]
[debug] [2025-04-18T00:55:18.957Z] Running auto auth
[info] 
     ######## #### ########  ######## ########     ###     ######  ########
     ##        ##  ##     ## ##       ##     ##  ##   ##  ##       ##
     ######    ##  ########  ######   ########  #########  ######  ######
     ##        ##  ##    ##  ##       ##     ## ##     ##       ## ##
     ##       #### ##     ## ######## ########  ##     ##  ######  ########

You're about to initialize a Firebase project in this directory:

  /home/user/neuclix-onboarding

[info] 
=== Project Setup
[info] 
[info] First, let's associate this project directory with a Firebase project.
[info] You can create multiple project aliases by running firebase use --add, 
[info] but for now we'll just set up a default project.
[info] 
[debug] [2025-04-18T00:58:44.698Z] ----------------------------------------------------------------------
[debug] [2025-04-18T00:58:44.700Z] Command:       /nix/store/ixbb20farqh1f4fqbmsn6b1ixn8mc8ij-nodejs-20.18.1/bin/node /nix/store/b9a1wqzb1vkh5xd2mrp196csvbgv8j13-firebase-tools-14.0.1/lib/node_modules/firebase-tools/lib/bin/firebase.js init hosting
[debug] [2025-04-18T00:58:44.701Z] CLI Version:   14.0.1
[debug] [2025-04-18T00:58:44.701Z] Platform:      linux
[debug] [2025-04-18T00:58:44.701Z] Node Version:  v20.18.1
[debug] [2025-04-18T00:58:44.701Z] Time:          Fri Apr 18 2025 00:58:44 GMT+0000 (Coordinated Universal Time)
[debug] [2025-04-18T00:58:44.702Z] ----------------------------------------------------------------------
[debug] 
[debug] [2025-04-18T00:58:44.711Z] > command requires scopes: ["email","openid","https://www.googleapis.com/auth/cloudplatformprojects.readonly","https://www.googleapis.com/auth/firebase","https://www.googleapis.com/auth/cloud-platform"]
[debug] [2025-04-18T00:58:44.712Z] > authorizing via signed-in user (steve@neuclix.com)
[info] 
     ######## #### ########  ######## ########     ###     ######  ########
     ##        ##  ##     ## ##       ##     ##  ##   ##  ##       ##
     ######    ##  ########  ######   ########  #########  ######  ######
     ##        ##  ##    ##  ##       ##     ## ##     ##       ## ##
     ##       #### ##     ## ######## ########  ##     ##  ######  ########

You're about to initialize a Firebase project in this directory:

  /home/user/neuclix-onboarding

[info] 
=== Project Setup
[info] 
[info] First, let's associate this project directory with a Firebase project.
[info] You can create multiple project aliases by running firebase use --add, 
[info] but for now we'll just set up a default project.
[info] 
